desc: I1 cache:         32768 B, 64 B, 8-way associative
desc: D1 cache:         32768 B, 64 B, 8-way associative
desc: LL cache:         3145728 B, 64 B, 12-way associative
cmd: main.exe
events: Ir I1mr ILmr Dr D1mr DLmr Dw D1mw DLmw 
fl=/usr/lib/gcc/x86_64-redhat-linux/4.1.2/../../../../include/c++/4.1.2/iostream
fn=__static_initialization_and_destruction_0(int, int)
76 48 0 0 0 0 0 48 0 0
fn=__tcf_0
76 40 8 8 8 0 0 16 0 0
fl=/xbar/nas2/home4/s06/s062397/thesis/src/algRmq.cpp
fn=__static_initialization_and_destruction_0(int, int)
97 9 1 1 2 0 0 1 0 0
fn=global constructors keyed to _ZN12AlgorithmRmqC2E7RMQ_ALG
98 6 1 1 1 0 0 1 0 0
fl=/xbar/nas2/home4/s06/s062397/thesis/src/algRmq1.cpp
fn=AlgorithmRmq1::AlgorithmRmq1()
7 4 1 1 1 0 0 2 0 0
8 2 0 0 2 0 0 0 0 0
fn=AlgorithmRmq1::cleanup()
187 6 0 0 1 0 0 3 0 0
189 5 0 0 1 0 0 2 0 0
190 5 1 1 1 0 0 2 0 0
191 536 1 1 135 1 1 0 0 0
192 924 0 0 396 8 8 264 0 0
193 4 0 0 0 0 0 1 0 0
194 4 0 0 3 0 0 0 0 0
267 61 0 0 20 0 0 0 0 0
268 108 1 1 36 1 0 36 0 0
269 4 0 0 0 0 0 2 0 0
fn=AlgorithmRmq1::getName(char*, unsigned int)
13 4 1 1 2 0 0 1 0 0
14 4 0 0 0 0 0 3 0 0
15 1 0 0 1 0 0 0 0 0
fn=AlgorithmRmq1::log2fast(unsigned int)
220 2999955 1 1 999985 0 0 999985 0 0
224 3999940 0 0 0 0 0 0 0 0
225 3870246 0 0 645041 36 31 0 0 0
227 2128021 1 1 354944 15036 9 0 0 0
229 1999970 0 0 1999970 0 0 0 0 0
fn=AlgorithmRmq1::logpreproc(int*, unsigned int*, unsigned int)
235 7 1 1 1 0 0 4 0 0
237 2 0 0 1 0 0 1 0 0
238 2 0 0 1 0 0 1 0 0
239 2 0 0 1 0 0 1 0 0
240 5 1 1 2 1 1 4 0 0
241 1 0 0 0 0 0 1 0 0
244 4 0 0 0 0 0 3 0 0
245 1 0 0 0 0 0 1 0 0
246 60 1 1 20 0 0 0 0 0
247 72 0 0 18 0 0 54 0 0
250 666677 0 0 333337 0 0 2 0 0
251 3999996 1 1 2333331 145835 145835 333333 20834 20833
252 8 0 0 5 1 1 1 0 0
255 72 1 1 52 0 0 2 0 0
256 17 0 0 17 0 0 0 0 0
257 27022918 2 2 16213744 11 6 68 0 0
258 102686184 0 0 70258968 3912094 2970103 21618144 337800 337800
259 2097391 0 0 786579 16307 7785 262176 16384 16384
261 6 0 0 5 0 0 0 0 0
fn=AlgorithmRmq1::preproc(TestString*)
114 7 1 1 1 0 0 4 0 0
115 2 0 0 1 0 0 1 0 0
116 2 1 1 1 0 0 1 0 0
117 2 0 0 1 0 0 1 0 0
120 1 0 0 0 0 0 1 0 0
121 1 0 0 0 0 0 1 0 0
122 23 1 1 8 0 0 10 0 0
123 6 0 0 1 0 0 1 0 0
124 4 0 0 0 0 0 1 0 0
128 4 1 1 0 0 0 3 0 0
129 5 0 0 1 0 0 3 0 0
130 7 0 0 2 0 0 3 0 0
131 798 2 2 266 0 0 0 0 0
132 1056 0 0 396 0 0 396 8 8
133 660 0 0 528 0 0 132 17 17
135 4 0 0 0 0 0 3 0 0
143 1 0 0 0 0 0 1 0 0
145 3000020 1 1 1666675 0 0 333340 0 0
148 3333341 1 1 1333336 0 0 666669 0 0
151 3333340 1 1 333334 0 0 666668 0 0
152 666668 0 0 333334 0 0 333334 20833 20833
153 2333338 0 0 1666670 41643 36481 333334 0 0
155 16333330 1 1 11999996 0 0 666668 0 0
156 8333330 0 0 6666664 83291 72958 0 0 0
157 3333332 0 0 0 0 0 1666666 0 0
158 9999996 0 0 3333332 0 0 0 0 0
162 3333332 0 0 1666666 0 0 1666666 0 0
164 1333336 0 0 1000002 0 0 333334 20833 20833
167 2666672 1 1 2333338 0 0 0 0 0
169 26 1 1 7 0 0 6 0 0
171 90 0 0 48 0 0 0 0 0
172 84 0 0 63 0 0 0 0 0
173 231 0 0 147 0 0 21 0 0
178 3 0 0 1 0 0 2 1 1
180 30 1 1 11 0 0 7 0 0
182 7 0 0 5 2 2 0 0 0
fn=AlgorithmRmq1::query(unsigned int, unsigned int)
64 8000000 1 1 2000000 0 0 4000000 0 0
65 2000000 0 0 0 0 0 0 0 0
68 5000000 0 0 4000000 999252 925061 1000000 0 0
69 1000000 0 0 1000000 999242 925219 0 0 0
71 3997804 1 1 0 0 0 0 0 0
77 1000000 0 0 0 0 0 0 0 0
82 5000000 0 0 1000000 0 0 1000000 0 0
83 4000000 0 0 0 0 0 2000000 0 0
86 3000072 0 0 2000040 4 3 0 0 0
89 17999928 1 1 9999960 996642 624418 999996 0 0
90 5999976 0 0 5999976 996466 624475 0 0 0
91 7999968 0 0 3999984 1997576 1762690 999996 0 0
92 3999991 0 0 1999992 0 0 0 0 0
94 2999967 1 1 999989 0 0 999989 0 0
96 2999975 0 0 6 2 2 0 0 0
97 2999985 0 0 24 10 7 0 0 0
99 5999898 1 1 2999949 0 0 2999949 1 1
101 28999507 1 1 19999660 5245607 3952857 2999949 0 0
103 6999923 1 1 2999967 0 0 0 0 0
107 3000000 0 0 3000000 4 3 0 0 0
108 6000000 0 0 5000000 0 0 0 0 0
fn=AlgorithmRmq1::spaceUsage(unsigned int)
17 7 2 2 1 0 0 4 0 0
18 21 0 0 7 1 1 9 0 0
19 5 1 1 1 0 0 0 0 0
22 5 0 0 2 0 0 3 0 0
33 19 0 0 2 1 1 0 0 0
40 6 0 0 5 0 0 0 0 0
fl=/xbar/nas2/home4/s06/s062397/thesis/src/algRmq1.h
fn=AlgorithmRmq1::query(unsigned int, unsigned int)
45 10000000 1 1 2000000 0 0 2000000 0 0
fl=/xbar/nas2/home4/s06/s062397/thesis/src/buildSa.cpp
fn=TestString::buildSa()
4 6 1 1 0 0 0 4 0 0
5 8 0 0 2 0 0 3 0 0
6 8 1 1 2 0 0 3 0 0
7 7 0 0 2 0 0 4 0 0
8 6 0 0 1 0 0 4 0 0
9 7 1 1 1 0 0 5 0 0
10 12 1 1 2 0 0 0 0 0
19 2 0 0 1 0 0 0 0 0
25 8000004 0 0 2000002 0 0 0 0 0
26 4000000 0 0 2000000 31251 27028 2000000 125000 125000
27 6 1 1 0 0 0 6 2 2
30 8000008 0 0 4000004 2 2 1 1 1
31 4000000 0 0 2000000 124873 112713 2000000 125001 125001
32 4000000 0 0 2000000 0 0 2000000 125001 125001
34 4 0 0 0 0 0 2 2 2
35 5 1 1 0 0 0 2 0 0
44 12000013 1 1 8000005 0 0 5 0 0
45 4000000 1 1 4000000 125001 120825 0 0 0
46 4000000 0 0 0 0 0 0 0 0
47 15999992 0 0 7999996 125000 119620 3999998 0 0
48 41999981 2 2 17999993 31251 31251 0 0 0
49 1999999 0 0 0 0 0 1999999 0 0
50 13999993 0 0 9999995 2 2 3999998 125001 125001
52 4000000 0 0 4000000 0 0 0 0 0
55 2 1 1 1 0 0 1 0 0
56 6 0 0 5 0 0 0 0 0
fl=/xbar/nas2/home4/s06/s062397/thesis/src/cacheTest.cpp
fn=__static_initialization_and_destruction_0(int, int)
34 9 1 1 2 0 0 1 0 0
fn=cacheTest(unsigned int, string_type)
7 9 1 1 2 0 0 5 0 0
8 18 1 1 0 0 0 17 0 0
9 5 0 0 0 0 0 5 0 0
12 5 1 1 0 0 0 3 0 0
13 3 0 0 0 0 0 0 0 0
19 3000000 0 0 0 0 0 0 0 0
20 4000000 0 0 0 0 0 2000000 125000 125000
21 4000000 0 0 0 0 0 2000000 0 0
24 11 1 1 1 0 0 7 0 0
25 4 0 0 0 0 0 2 0 0
28 1 0 0 0 0 0 0 0 0
32 10 2 2 1 0 0 9 1 1
33 9 0 0 1 0 0 8 0 0
34 5 1 1 4 0 0 0 0 0
fn=global constructors keyed to _Z9cacheTestj11string_type
35 6 1 1 1 0 0 1 0 0
fl=/xbar/nas2/home4/s06/s062397/thesis/src/graphBySaDistance.cpp
fn=__static_initialization_and_destruction_0(int, int)
80 9 1 1 2 0 0 1 0 0
fn=global constructors keyed to _Z13shuffle_arrayPSt4pairIjjEj
81 6 1 1 1 0 0 1 0 0
fl=/xbar/nas2/home4/s06/s062397/thesis/src/graphIncreasingLength.cpp
fn=__static_initialization_and_destruction_0(int, int)
79 9 1 1 2 0 0 1 0 0
fn=global constructors keyed to _Z21graphIncreasingLengthPP9Algorithm11string_typePKcddj
80 6 1 1 1 0 0 1 0 0
fl=/xbar/nas2/home4/s06/s062397/thesis/src/graphSpaceIncreasingLength.cpp
fn=__static_initialization_and_destruction_0(int, int)
31 9 2 2 2 0 0 1 0 0
fn=global constructors keyed to _Z26graphSpaceIncreasingLengthPP9AlgorithmPKcj
32 6 1 1 1 0 0 1 0 0
fl=/xbar/nas2/home4/s06/s062397/thesis/src/graphValue.cpp
fn=__static_initialization_and_destruction_0(int, int)
119 9 1 1 2 0 0 1 0 0
fn=global constructors keyed to _Z4sortPdj
120 6 1 1 1 0 0 1 0 0
fl=/xbar/nas2/home4/s06/s062397/thesis/src/main.cpp
fn=main
53 7 1 1 1 0 0 3 0 0
55 3 1 1 0 0 0 3 0 0
138 2 1 1 0 0 0 2 0 0
139 6 0 0 3 1 1 0 0 0
fl=/xbar/nas2/home4/s06/s062397/thesis/src/qsufsort.c
fn=sort_split
39 6683550 0 0 2227850 0 0 1359522 0 0
40 3548106 1 1 2000017 16 0 1548089 97125 88596
41 3096197 0 0 0 0 0 0 0 0
42 3096140 1 1 1548070 0 0 1548070 0 0
45 107708556 0 0 35902852 2243929 2243929 35902852 2243930 2243930
46 71805704 0 0 0 0 0 0 0 0
57 1355787 0 0 451929 0 0 451929 0 0
58 7413651 0 0 4125108 0 0 644262 0 0
59 18845787 2 2 9506291 2 2 1548060 0 0
60 12153162 1 1 6076581 0 0 0 0 0
62 414 0 0 207 0 0 138 0 0
64 4050916 0 0 0 0 0 0 0 0
68 2192322 0 0 1096161 0 0 0 0 0
71 1355787 0 0 903858 0 0 0 0 0
72 3163503 0 0 1807716 0 0 451929 28204 24140
73 903858 0 0 451929 0 0 451929 0 0
83 1355784 1 1 0 0 0 0 0 0
84 1690406 0 0 0 0 0 157310 0 0
86 1178472 1 1 0 0 0 294618 0 0
87 1178472 0 0 0 0 0 294618 0 0
89 1677399 3 3 872257 5408 134 268423 789 33
90 1475721 1 1 871999 7927 158 134148 0 0
91 1408842 2 2 737864 7573 91 134148 0 0
93 5008628 4 4 3240859 9 0 0 0 0
95 4302806 1 1 2715364 910 21 1359580 0 0
105 2711688 1 1 0 0 0 2259740 5719 273
109 3383769 1 1 224066 0 0 224066 0 0
118 487012085 0 0 324674704 5622293 4784299 0 0 0
119 52660642 0 0 0 0 0 0 0 0
120 181773680 0 0 72709472 65694 32771 72709472 0 0
121 36354736 0 0 0 0 0 0 0 0
123 52660642 0 0 52660642 0 0 0 0 0
125 146192105 0 0 80773446 1059433 213555 0 0 0
126 30709492 0 0 0 0 0 0 0 0
127 176 0 0 88 7 1 88 0 0
128 132 0 0 0 0 0 44 0 0
130 15354746 0 0 0 0 0 0 0 0
134 1999858 0 0 0 0 0 1999858 0 0
135 2999787 0 0 0 0 0 999929 0 0
136 999929 0 0 0 0 0 0 0 0
139 4519261 1 1 903856 0 0 0 0 0
141 8713148 0 0 903768 0 0 0 0 0
142 6001756 0 0 3000878 131198 99411 3000878 0 0
143 4519280 1 1 1355784 166 10 0 0 0
145 904252 0 0 88 0 0 0 0 0
146 176 0 0 88 9 0 88 0 0
150 903856 1 1 0 0 0 0 0 0
151 1355784 0 0 451928 0 0 451928 745 15
152 3615424 0 0 903856 646 23 451928 0 0
153 903856 0 0 0 0 0 0 0 0
155 4711587 0 0 3259710 216 23 0 0 0
fn=suffixsort
170 13 1 1 0 0 0 0 0 0
171 3 0 0 0 0 0 3 1 1
172 6000010 1 1 3 1 1 0 0 0
173 10000005 0 0 6000003 125001 125001 2000001 0 0
174 2000001 0 0 0 0 0 2000001 0 0
176 14 0 0 7 1 1 1 1 1
177 15 0 0 12 1 1 0 0 0
178 3 0 0 0 0 0 3 0 0
179 6 0 0 0 0 0 0 0 0
180 4 0 0 0 0 0 1 1 1
182 5999994 1 1 3999996 124745 100427 0 0 0
183 1999998 0 0 0 0 0 1999998 0 0
184 5999994 0 0 0 0 0 1999998 125000 125000
185 5999994 0 0 0 0 0 0 0 0
187 6 0 0 0 0 0 2 0 0
264 8 2 2 3 0 0 4 0 0
268 2 0 0 1 0 0 1 1 1
269 1 0 0 0 0 0 1 0 0
271 4 0 0 1 0 0 0 0 0
272 8 0 0 2 0 0 4 0 0
281 2 0 0 1 1 1 1 0 0
283 112 1 1 24 20 20 0 0 0
287 6000123 0 0 2000041 125017 125017 0 0 0
288 4000042 0 0 0 0 0 0 0 0
289 2000021 0 0 0 0 0 0 0 0
291 40 0 0 0 0 0 0 0 0
292 20 0 0 0 0 0 20 7 0
295 60 0 0 40 36 35 0 0 0
296 140 0 0 0 0 0 20 7 0
299 4000082 1 1 0 0 0 0 0 0
300 42 0 0 0 0 0 0 0 0
301 1 0 0 0 0 0 1 1 1
302 21 0 0 21 20 20 0 0 0
305 6000011 0 0 3 1 1 0 0 0
306 4000002 0 0 2000001 125001 125001 2000001 124748 100426
307 6 1 1 5 1 1 0 0 0
fn=transform
208 9 1 1 1 0 0 5 1 1
212 28 1 1 4 0 0 3 0 0
213 9 0 0 9 0 0 0 0 0
215 45 3 3 15 0 0 4 0 0
216 14 0 0 10 1 1 2 0 0
219 4 1 1 1 0 0 0 0 0
220 5 0 0 2 0 0 1 0 0
221 2 0 0 1 0 0 0 0 0
222 393992 0 0 1 0 0 0 0 0
223 131329 0 0 0 0 0 131329 8209 8209
224 6000011 1 1 6 2 0 3 0 0
225 3999998 0 0 1999999 0 0 1999999 1 0
226 11999994 1 1 5999997 125001 125000 1999999 0 0
228 8 0 0 4 1 1 0 0 0
229 1 0 0 0 0 0 1 1 1
230 3 0 0 0 0 0 1 0 0
232 393992 1 1 0 0 0 1 0 0
233 393987 0 0 131329 8209 8208 0 0 0
234 8 0 0 2 1 1 4 0 0
235 8000006 1 1 6 2 0 2 0 0
236 5999997 0 0 3999998 1 0 1999999 1 1
237 13999993 0 0 9999995 125000 125000 1999999 0 0
239 5 0 0 0 0 0 0 0 0
240 4 1 1 2 1 1 1 0 0
241 4 0 0 2 0 0 1 0 0
254 1 0 0 0 0 0 1 0 0
256 7 0 0 6 1 1 0 0 0
fl=/xbar/nas2/home4/s06/s062397/thesis/src/str.cpp
fn=TestString::TestString(unsigned int, string_type)
55 12000004 1 1 4000001 0 0 2000000 31250 31250
56 2 1 1 1 0 0 1 0 0
57 8 0 0 1 0 0 5 1 1
60 9 1 1 3 0 0 4 0 0
61 1 0 0 0 0 0 1 0 0
62 5 0 0 0 0 0 4 0 0
63 2 0 0 0 0 0 0 0 0
65 3 1 1 1 1 1 0 0 0
74 1 0 0 0 0 0 0 0 0
87 2 0 0 0 0 0 1 1 1
88 5 0 0 4 0 0 0 0 0
fn=__static_initialization_and_destruction_0(int, int)
126 9 1 1 2 0 0 1 0 0
fn=checkStr(TestString*)
118 5 1 1 1 0 0 2 0 0
119 3 0 0 0 0 0 0 0 0
121 4 0 0 1 0 0 0 0 0
126 4 0 0 3 0 0 0 0 0
fn=global constructors keyed to _ZN10TestString7buildSaEv
127 6 1 1 1 0 0 1 0 0
fn=nameStr(string_type)
19 3 1 1 1 0 0 1 0 0
20 4 0 0 1 1 1 0 0 0
26 2 0 0 0 0 0 0 0 0
34 2 0 0 2 0 0 0 0 0
fl=/xbar/nas2/home4/s06/s062397/thesis/src/tableFiles.cpp
fn=__static_initialization_and_destruction_0(int, int)
64 9 1 1 2 0 0 1 0 0
fn=global constructors keyed to _Z10tableFilesPP9AlgorithmPPKcS3_d
65 6 1 1 1 0 0 1 0 0
fl=/xbar/nas2/home4/s06/s062397/thesis/src/testRandom.cpp
fn=testRandom(TestString*, unsigned int*, unsigned int, Algorithm*, bool, double)
9 11 1 1 3 0 0 6 1 1
14 6 0 0 2 2 2 4 1 1
15 20 1 1 7 1 1 6 0 0
19 2 1 1 0 0 0 2 0 0
20 6 0 0 3 0 0 3 0 0
21 1 0 0 0 0 0 1 0 0
22 2 0 0 0 0 0 0 0 0
26 7 0 0 2 1 1 0 0 0
31 2 1 1 0 0 0 2 0 0
32 3000005 0 0 1 1 1 0 0 0
35 8000000 0 0 5000000 125019 125003 4000000 0 0
38 1 0 0 0 0 0 1 0 0
39 11 1 1 4 1 1 2 0 0
40 5 0 0 3 0 0 3 0 0
42 6 0 0 5 1 1 0 0 0
fl=/xbar/nas2/home4/s06/s062397/thesis/src/timer.cpp
fn=gettime()
9 12 1 1 0 0 0 4 0 0
17 32 0 0 12 3 3 12 0 0
20 8 0 0 8 0 0 0 0 0
fl=???
fn=(below main)
0 64 5 5 19 5 0 26 1 0
fn=???
0 14017536 203 194 14016155 128 66 640 5 2
fn=_Exit
0 3 1 1 2 0 0 1 0 0
fn=_IO_check_libio
0 15 3 3 5 0 0 4 0 0
fn=_IO_cleanup
0 111 8 8 37 0 0 27 0 0
fn=_IO_default_setbuf
0 39 4 4 11 0 0 18 0 0
fn=_IO_default_xsputn
0 453 5 5 138 0 0 87 0 0
fn=_IO_do_write@@GLIBC_2.1
0 30 2 2 10 0 0 5 0 0
fn=_IO_doallocbuf
0 24 3 3 10 0 0 6 0 0
fn=_IO_file_doallocate
0 55 5 5 12 1 1 20 0 0
fn=_IO_file_overflow@@GLIBC_2.1
0 63 5 5 19 0 0 20 0 0
fn=_IO_file_setbuf@@GLIBC_2.1
0 29 2 2 8 0 0 14 0 0
fn=_IO_file_stat
0 12 2 2 5 0 0 5 0 0
fn=_IO_file_sync@@GLIBC_2.1
0 181 4 4 64 0 0 46 0 0
fn=_IO_file_write@@GLIBC_2.1
0 39 3 3 14 0 0 7 0 0
fn=_IO_file_xsputn@@GLIBC_2.1
0 978 7 7 347 0 0 174 2 2
fn=_IO_flush_all_lockp
0 118 9 9 37 5 5 16 0 0
fn=_IO_no_init
0 78 4 4 30 0 0 30 0 0
fn=_IO_old_init
0 81 2 2 15 0 0 54 2 2
fn=_IO_setb
0 122 4 4 51 0 0 30 0 0
fn=_IO_str_init_static_internal
0 120 3 3 39 0 0 51 0 0
fn=__cxa_atexit
0 520 3 3 160 0 0 180 5 0
fn=__cxa_finalize
0 372 5 5 132 1 1 64 0 0
fn=__default_morecore
0 22 1 1 6 0 0 6 0 0
fn=__find_specmb
0 248 2 2 72 2 2 41 2 2
fn=__fxstat64
0 108 1 1 30 0 0 18 0 0
fn=__fxstat64@@GLIBC_2.2
0 17 2 2 6 0 0 4 0 0
fn=__gconv_btwoc_ascii
0 1152 1 1 384 0 0 128 0 0
fn=__gnu_cxx::__atomic_add(int volatile*, int)
0 413 0 0 354 0 0 59 0 0
fn=__gnu_cxx::__exchange_and_add(int volatile*, int)
0 532 2 2 456 1 1 76 0 0
fn=__i686.get_pc_thunk.bx
0 10 2 2 10 0 0 0 0 0
fn=__i686.get_pc_thunk.cx
0 32 1 1 32 0 0 0 0 0
fn=__i686.get_pc_thunk.dx
0 4 1 1 4 0 0 0 0 0
fn=__ieee754_log2
0 38 2 2 8 1 1 2 0 0
fn=__init_misc
0 31 2 2 10 1 0 10 1 1
fn=__libc_csu_init
0 23 2 2 8 0 0 7 0 0
fn=__libc_fini
0 13 1 1 5 0 0 4 0 0
fn=__libc_global_ctors
0 19 1 1 6 1 1 5 0 0
fn=__libc_memalign
0 1292 5 5 384 0 0 301 3 3
fn=__mpn_extract_double
0 38 4 4 11 0 0 9 0 0
fn=__mpn_lshift
0 28 2 2 11 0 0 6 0 0
fn=__mpn_mul
0 78 4 4 32 2 2 22 1 1
fn=__mpn_mul_1
0 331 2 2 101 0 0 56 0 0
fn=__mpn_rshift
0 72 1 1 24 0 0 14 0 0
fn=__new_exitfn
0 1017 4 4 280 3 2 141 0 0
fn=__printf_fp
0 1164 68 68 431 7 7 192 7 7
fn=__register_atfork
0 45 4 4 13 4 3 11 0 0
fn=__sigsetjmp
0 143 1 1 39 0 0 78 1 1
fn=__static_initialization_and_destruction_0(int, int)
0 91 9 9 7 0 0 42 0 0
fn=__tcf_0
0 14 5 5 0 0 0 7 0 0
fn=__unregister_atfork
0 100 2 2 36 2 2 20 0 0
fn=__write_nocancel
0 10 1 1 6 0 0 2 0 0
fn=_dl_add_to_slotinfo
0 52 3 3 22 5 0 14 2 0
fn=_dl_addr
0 59591 11 11 23076 754 545 4464 1 0
fn=_dl_allocate_tls_init
0 123 7 7 51 2 0 36 1 0
fn=_dl_allocate_tls_storage
0 42 3 3 9 0 0 18 1 1
fn=_dl_cache_libcmp
0 5124 5 5 1736 36 36 230 0 0
fn=_dl_catch_error
0 559 4 4 182 0 0 273 1 1
fn=_dl_check_all_versions
0 126 2 2 33 0 0 14 0 0
fn=_dl_check_map_versions
0 4514 14 14 2004 17 17 861 23 23
fn=_dl_debug_initialize
0 171 3 3 45 0 0 32 1 1
fn=_dl_debug_state
0 8 0 0 4 0 0 2 0 0
fn=_dl_determine_tlsoffset
0 117 6 6 45 0 0 26 0 0
fn=_dl_fini
0 686 11 11 361 26 26 120 7 7
fn=_dl_fixup
0 7850 5 5 3197 373 185 1649 5 4
fn=_dl_important_hwcaps
0 1606 21 21 492 0 0 99 3 3
fn=_dl_init
0 121 3 3 61 3 0 26 0 0
fn=_dl_init_paths
0 184 10 10 43 1 1 55 4 4
fn=_dl_initial_error_catch_tsd
0 98 1 1 28 0 0 28 0 0
fn=_dl_load_cache_lookup
0 1575 18 18 521 34 34 215 0 0
fn=_dl_lookup_symbol_x
0 593520 11 11 181524 1290 1098 80040 20 14
fn=_dl_map_object
0 2309 24 24 693 0 0 488 4 4
fn=_dl_map_object_deps
0 3224 28 28 901 0 0 489 3 3
fn=_dl_map_object_from_fd
0 4634 49 49 1349 24 24 678 26 26
fn=_dl_mcount_wrapper_check
0 1792 2 2 640 1 0 384 0 0
fn=_dl_name_match_p
0 12617 2 2 3235 39 23 3986 6 4
fn=_dl_new_object
0 1306 14 14 395 7 7 328 22 22
fn=_dl_next_ld_env_entry
0 302 2 2 104 21 21 5 0 0
fn=_dl_next_tls_modid
0 38 2 2 14 0 0 12 1 1
fn=_dl_receive_error
0 31 1 1 12 0 0 16 0 0
fn=_dl_relocate_object
0 218916 58 58 86714 2302 1399 44693 369 235
fn=_dl_runtime_resolve
0 970 1 1 679 0 0 388 1 0
fn=_dl_setup_hash
0 238 3 3 77 10 10 77 0 0
fn=_dl_sort_fini
0 676 6 6 290 4 4 49 0 0
fn=_dl_start
0 382 15 14 59 9 7 63 11 10
fn=_dl_sysdep_read_whole_file
0 48 3 3 8 0 0 24 1 1
fn=_dl_sysdep_start
0 420 10 10 98 8 8 30 3 3
fn=_dl_sysdep_start_cleanup
0 4 0 0 2 0 0 1 0 0
fn=_dl_sysinfo_int80
0 117 1 1 58 0 0 0 0 0
fn=_dl_unload_cache
0 19 0 0 5 0 0 7 0 0
fn=_init
0 36 3 3 15 3 0 14 3 2
fn=_int_free
0 18480 16 16 5766 137 137 3462 4 4
fn=_int_malloc
0 26590 39 39 8894 18 13 4583 169 167
fn=_itoa_word
0 126 4 4 24 1 1 14 0 0
fn=_setjmp
0 14 2 2 5 0 0 7 0 0
fn=access
0 16 2 2 3 0 0 2 0 0
fn=bool std::has_facet<std::ctype<char> >(std::locale const&)
0 108 2 2 40 0 0 24 0 0
fn=bool std::has_facet<std::ctype<wchar_t> >(std::locale const&)
0 108 2 2 40 0 0 24 0 0
fn=bool std::has_facet<std::num_get<char, std::istreambuf_iterator<char, std::char_traits<char> > > >(std::locale const&)
0 108 2 2 40 0 0 24 0 0
fn=bool std::has_facet<std::num_get<wchar_t, std::istreambuf_iterator<wchar_t, std::char_traits<wchar_t> > > >(std::locale const&)
0 108 1 1 40 0 0 24 0 0
fn=bool std::has_facet<std::num_put<char, std::ostreambuf_iterator<char, std::char_traits<char> > > >(std::locale const&)
0 108 2 2 40 0 0 24 0 0
fn=bool std::has_facet<std::num_put<wchar_t, std::ostreambuf_iterator<wchar_t, std::char_traits<wchar_t> > > >(std::locale const&)
0 108 2 2 40 0 0 24 0 0
fn=brk
0 56 2 2 16 0 0 14 0 0
fn=btowc
0 9472 4 4 2816 4 4 1920 0 0
fn=call_init
0 298 5 5 117 7 0 76 0 0
fn=calloc
0 364 2 2 98 0 0 98 1 1
fn=ceil
0 26 1 1 10 0 0 4 0 0
fn=check_match.8170
0 69797 6 6 26159 155 79 12579 8 5
fn=close
0 48 1 1 12 0 0 0 0 0
fn=dl_main
0 1204 67 67 332 25 13 211 15 15
fn=do_lookup_x
0 363058 10 10 146660 2011 681 61806 18 12
fn=exit
0 425 4 4 127 8 8 77 0 0
fn=expand_dynamic_string_token
0 32 3 3 5 0 0 16 0 0
fn=fflush
0 324 4 4 132 3 2 60 0 0
fn=free
0 5420 4 4 1545 33 32 986 1 1
fn=fwrite
0 633 5 5 256 11 10 113 0 0
fn=getpagesize
0 11 1 1 4 0 0 2 0 0
fn=gettimeofday
0 36 1 1 16 2 2 4 0 0
fn=global constructors keyed to _ZN10RMQ_n_logn5queryEjj
0 3 1 1 0 0 0 0 0 0
fn=global constructors keyed to _ZN11RMQ_nlogn_111LogTable256E
0 3 1 1 0 0 0 0 0 0
fn=global constructors keyed to _ZN12RMQ_n_logn_27CatalanE
0 3 1 1 0 0 0 0 0 0
fn=global constructors keyed to _ZN12RMQ_n_logn_47CatalanE
0 3 1 1 0 0 0 0 0 0
fn=global constructors keyed to _ZN12RMQ_succinct7CatalanE
0 3 1 1 0 0 0 0 0 0
fn=global constructors keyed to _ZN16RMQ_n_1_improved7CatalanE
0 3 1 1 0 0 0 0 0 0
fn=global constructors keyed to _ZN7RMQ_1_n5queryEjj
0 3 1 1 0 0 0 0 0 0
fn=hack_digit.12096
0 245 3 3 77 0 0 77 1 1
fn=index
0 1661 6 6 170 7 7 18 0 0
fn=init_tls
0 108 4 4 25 0 0 25 1 1
fn=isinf
0 24 1 1 6 0 0 3 0 0
fn=isnan
0 48 4 4 12 0 0 3 0 0
fn=log2
0 60 2 2 20 3 3 18 0 0
fn=malloc
0 7376 5 5 2601 20 14 1190 1 1
fn=malloc_consolidate
0 944 10 10 84 0 0 282 17 16
fn=malloc_hook_ini
0 16 2 2 5 1 0 7 0 0
fn=map_doit
0 19 2 2 8 0 0 8 0 0
fn=match_symbol
0 2542 3 3 1047 27 27 300 0 0
fn=memchr
0 34 4 4 7 0 0 2 0 0
fn=memcpy
0 838 3 3 498 13 4 328 28 24
fn=mempcpy
0 263 4 4 123 2 1 67 4 4
fn=memset
0 1179 3 3 60 0 0 983 63 63
fn=mmap
0 1012 4 4 512 0 0 204 0 0
fn=mprotect
0 40 1 1 20 0 0 4 0 0
fn=munmap
0 207 1 1 91 0 0 22 0 0
fn=new_do_write
0 51 3 3 18 0 0 17 0 0
fn=newlocale
0 41 5 5 15 1 1 8 0 0
fn=open
0 60 1 1 30 0 0 6 1 1
fn=open_verify
0 817 10 10 442 3 3 122 0 0
fn=openaux
0 360 3 3 132 0 0 108 1 1
fn=operator delete(void*)
0 2355 2 2 628 0 0 785 0 0
fn=operator delete[](void*)
0 2041 1 1 628 0 0 785 0 0
fn=operator new(unsigned int)
0 3276 2 2 936 1 0 1092 0 0
fn=operator new(unsigned int, std::nothrow_t const&)
0 184 2 2 56 0 0 64 0 0
fn=operator new[](unsigned int)
0 2015 1 1 620 0 0 775 0 0
fn=operator new[](unsigned int, std::nothrow_t const&)
0 105 1 1 35 0 0 42 0 0
fn=process_envvars
0 151 9 9 49 4 4 17 2 2
fn=ptmalloc_init
0 366 8 8 121 36 3 29 6 3
fn=puts
0 84 6 6 35 1 1 17 0 0
fn=rand
0 18000000 1 1 6000000 0 0 8000000 0 0
fn=random
0 52000000 2 2 16000000 1 0 12000000 0 0
fn=random_r
0 93870968 4 4 35935484 2 2 22000000 0 0
fn=read
0 50 1 1 25 0 0 5 0 0
fn=rindex
0 58 4 4 8 1 0 2 0 0
fn=rtld_lock_default_lock_recursive
0 102 2 2 68 0 0 17 0 0
fn=rtld_lock_default_unlock_recursive
0 102 0 0 68 1 0 17 0 0
fn=sYSTRIm
0 60 3 3 16 0 0 12 1 1
fn=sbrk
0 83 5 5 28 1 0 19 0 0
fn=snprintf
0 60 2 2 18 0 0 27 1 1
fn=std::__num_base::_S_format_float(std::ios_base const&, char*, char)
0 44 3 3 9 0 0 9 0 0
fn=std::__timepunct<char>::_M_initialize_timepunct(__locale_struct*)
0 113 9 9 9 0 0 54 0 0
fn=std::__timepunct<char>::__timepunct(std::__timepunct_cache<char>*, unsigned int)
0 30 3 3 9 0 0 14 0 0
fn=std::__timepunct<wchar_t>::_M_initialize_timepunct(__locale_struct*)
0 111 9 9 8 0 0 53 0 0
fn=std::__timepunct<wchar_t>::__timepunct(std::__timepunct_cache<wchar_t>*, unsigned int)
0 30 3 3 9 0 0 14 0 0
fn=std::basic_ios<char, std::char_traits<char> >::_M_cache_locale(std::locale const&)
0 148 2 2 28 0 0 80 0 0
fn=std::basic_ios<char, std::char_traits<char> >::init(std::basic_streambuf<char, std::char_traits<char> >*)
0 124 3 3 28 0 0 64 0 0
fn=std::basic_ios<char, std::char_traits<char> >::widen(char) const
0 1600 5 5 795 2 0 275 0 0
fn=std::basic_ios<wchar_t, std::char_traits<wchar_t> >::_M_cache_locale(std::locale const&)
0 148 2 2 28 0 0 80 0 0
fn=std::basic_ios<wchar_t, std::char_traits<wchar_t> >::init(std::basic_streambuf<wchar_t, std::char_traits<wchar_t> >*)
0 124 3 3 28 0 0 64 0 0
fn=std::basic_ostream<char, std::char_traits<char> >& std::operator<< <std::char_traits<char> >(std::basic_ostream<char, std::char_traits<char> >&, char const*)
0 360 7 7 168 3 2 114 0 0
fn=std::basic_ostream<wchar_t, std::char_traits<wchar_t> >::flush()
0 78 2 2 33 8 8 21 0 0
fn=std::codecvt<char, char, __mbstate_t>::codecvt(unsigned int)
0 24 2 2 8 0 0 9 1 1
fn=std::codecvt<wchar_t, char, __mbstate_t>::codecvt(unsigned int)
0 24 2 2 8 0 0 9 2 2
fn=std::ctype<char> const& std::use_facet<std::ctype<char> >(std::locale const&)
0 85 2 2 40 2 2 25 0 0
fn=std::ctype<char>::ctype(unsigned short const*, bool, unsigned int)
0 50 4 4 13 1 1 24 1 1
fn=std::ctype<char>::do_widen(char const*, char const*, char*) const
0 22 2 2 7 0 0 8 0 0
fn=std::ctype<char>::do_widen(char) const
0 5 1 1 3 0 0 1 0 0
fn=std::ctype<wchar_t> const& std::use_facet<std::ctype<wchar_t> >(std::locale const&)
0 68 1 1 32 0 0 20 0 0
fn=std::ctype<wchar_t>::_M_convert_to_wmask(unsigned short) const
0 304 7 7 69 0 0 63 0 0
fn=std::ctype<wchar_t>::_M_initialize_ctype()
0 2773 4 4 8 0 0 1223 19 19
fn=std::ctype<wchar_t>::ctype(unsigned int)
0 27 2 2 8 0 0 12 0 0
fn=std::ios_base::Init::Init()
0 630 27 27 170 4 0 330 11 10
fn=std::ios_base::Init::~Init()
0 274 3 3 70 6 6 108 0 0
fn=std::ios_base::_M_init()
0 216 3 3 48 0 0 120 0 0
fn=std::ios_base::ios_base()
0 576 4 4 48 0 0 264 18 14
fn=std::locale::_Impl::_Impl(unsigned int)
0 874 55 55 176 4 1 513 27 27
fn=std::locale::_Impl::_M_install_facet(std::locale::id const*, std::locale::facet const*)
0 8428 6 6 2912 0 0 1120 0 0
fn=std::locale::facet::_S_create_c_locale(__locale_struct*&, char const*, __locale_struct*)
0 20 1 1 6 0 0 8 0 0
fn=std::locale::facet::_S_get_c_locale()
0 189 2 2 77 3 2 45 0 0
fn=std::locale::facet::_S_get_c_name()
0 35 1 1 15 1 0 10 0 0
fn=std::locale::id::_M_id() const
0 1734 3 3 637 4 4 460 0 0
fn=std::locale::locale()
0 748 3 3 242 0 0 242 0 0
fn=std::locale::locale(std::locale::_Impl*)
0 7 1 1 4 0 0 2 0 0
fn=std::locale::operator=(std::locale const&)
0 240 3 3 88 0 0 96 0 0
fn=std::locale::~locale()
0 152 2 2 48 0 0 56 0 0
fn=std::messages<char>::messages(unsigned int)
0 26 2 2 8 0 0 11 1 1
fn=std::messages<wchar_t>::messages(unsigned int)
0 26 2 2 8 0 0 11 0 0
fn=std::moneypunct<char, false>::_M_initialize_moneypunct(__locale_struct*, char const*)
0 132 4 4 60 1 1 29 0 0
fn=std::moneypunct<char, true>::_M_initialize_moneypunct(__locale_struct*, char const*)
0 132 4 4 60 0 0 29 0 0
fn=std::moneypunct<wchar_t, false>::_M_initialize_moneypunct(__locale_struct*, char const*)
0 111 6 6 31 0 0 32 0 0
fn=std::moneypunct<wchar_t, true>::_M_initialize_moneypunct(__locale_struct*, char const*)
0 111 5 5 31 0 0 32 0 0
fn=std::num_get<char, std::istreambuf_iterator<char, std::char_traits<char> > > const& std::use_facet<std::num_get<char, std::istreambuf_iterator<char, std::char_traits<char> > > >(std::locale const&)
0 88 1 1 36 0 0 20 0 0
fn=std::num_get<wchar_t, std::istreambuf_iterator<wchar_t, std::char_traits<wchar_t> > > const& std::use_facet<std::num_get<wchar_t, std::istreambuf_iterator<wchar_t, std::char_traits<wchar_t> > > >(std::locale const&)
0 88 1 1 36 0 0 20 0 0
fn=std::num_put<char, std::ostreambuf_iterator<char, std::char_traits<char> > > const& std::use_facet<std::num_put<char, std::ostreambuf_iterator<char, std::char_traits<char> > > >(std::locale const&)
0 88 2 2 36 0 0 20 0 0
fn=std::num_put<char, std::ostreambuf_iterator<char, std::char_traits<char> > >::do_put(std::ostreambuf_iterator<char, std::char_traits<char> >, std::ios_base&, char, double) const
0 35 3 3 13 0 0 15 0 0
fn=std::num_put<char, std::ostreambuf_iterator<char, std::char_traits<char> > >::do_put(std::ostreambuf_iterator<char, std::char_traits<char> >, std::ios_base&, char, unsigned long) const
0 34 3 3 13 0 0 14 0 0
fn=std::num_put<wchar_t, std::ostreambuf_iterator<wchar_t, std::char_traits<wchar_t> > > const& std::use_facet<std::num_put<wchar_t, std::ostreambuf_iterator<wchar_t, std::char_traits<wchar_t> > > >(std::locale const&)
0 88 2 2 36 0 0 20 0 0
fn=std::numpunct<char>::_M_initialize_numpunct(__locale_struct*)
0 478 5 5 199 4 3 76 0 0
fn=std::numpunct<wchar_t>::_M_initialize_numpunct(__locale_struct*)
0 353 5 5 76 1 0 76 3 3
fn=std::ostream::flush()
0 78 2 2 33 5 5 21 0 0
fn=std::ostream::operator<<(double)
0 66 5 5 30 2 2 22 0 0
fn=std::ostream::operator<<(unsigned int)
0 72 5 5 32 2 0 26 0 0
fn=std::ostream::sentry::sentry(std::ostream&)
0 240 3 3 96 5 4 64 0 0
fn=std::ostreambuf_iterator<char, std::char_traits<char> > std::num_put<char, std::ostreambuf_iterator<char, std::char_traits<char> > >::_M_insert_float<double>(std::ostreambuf_iterator<char, std::char_traits<char> >, std::ios_base&, char, char, double) cons
0 158 13 13 60 7 7 57 0 0
fn=std::ostreambuf_iterator<char, std::char_traits<char> > std::num_put<char, std::ostreambuf_iterator<char, std::char_traits<char> > >::_M_insert_int<unsigned long>(std::ostreambuf_iterator<char, std::char_traits<char> >, std::ios_base&, char, unsigned long
0 102 7 7 39 0 0 32 0 0
fn=strcmp
0 130682 1 1 41702 173 105 0 0 0
fn=strlen
0 3725 7 7 644 14 14 0 0 0
fn=strsep
0 1596 2 2 536 0 0 7 0 0
fn=uname
0 8 2 2 2 0 0 0 0 0
fn=uselocale
0 148 6 6 56 7 5 36 0 0
fn=version_check_doit
0 19 2 2 7 0 0 5 0 0
fn=vfprintf
0 663 52 52 246 16 14 161 17 17
fn=vsnprintf
0 159 4 4 39 0 0 78 3 3
fn=wctob
0 2560 2 2 768 0 0 640 0 0
fn=wctype_l
0 1151 3 3 615 2 2 268 0 0
fn=write
0 2 1 1 1 0 0 0 0 0
summary: 2120913049 1620 1610 993270357 25922938 20697362 263904410 3708461 3664415
